<?xml version="1.0" encoding="UTF-8"?>
<!-- Generated by org.testng.reporters.JUnitReportReporter -->
<testsuite skipped="0" hostname="CDC2-D-6SFFH92" name="testpack.NewTest" tests="1" failures="0" timestamp="24 Jul 2019 11:12:44 GMT" time="100.120" errors="0">
  <testcase name="f" time="100.120" classname="testpack.NewTest"/>
</testsuite> <!-- testpack.NewTest -->
